<?xml version="1.0" encoding="UTF-8"?>
<!-- Generated by org.testng.reporters.JUnitXMLReporter -->
<testsuite ignored="0" hostname="DESKTOP-QV2KGQ4" failures="0" tests="3" name="Default test" time="22.373" errors="0" timestamp="2024-11-13T15:33:37 IST">
  <testcase classname="tests.TestLoginPage" name="TestLogin" time="7.594"/>
  <testcase classname="tests.TestLoginPage" name="LogoutApp" time="0.696"/>
  <testcase classname="tests.TestLoginPage" name="Verify_Logout_Text" time="0.067"/>
</testsuite> <!-- Default test -->
