<?xml version="1.0" encoding="UTF-8"?>
<testng-results ignored="0" total="2" passed="2" failed="0" skipped="0">
  <reporter-output>
  </reporter-output>
  <suite started-at="2024-11-13T16:51:45 IST" name="Suite" finished-at="2024-11-13T16:52:25 IST" duration-ms="39959">
    <groups>
    </groups>
    <test started-at="2024-11-13T16:51:45 IST" name="Test" finished-at="2024-11-13T16:52:25 IST" duration-ms="39959">
      <class name="tests.TestEditAccount">
        <test-method signature="EditAccount()[pri:0, instance:tests.TestEditAccount@3646a422]" started-at="2024-11-13T16:52:22 IST" name="EditAccount" description="verify edit account" finished-at="2024-11-13T16:52:25 IST" duration-ms="3131" status="PASS">
          <reporter-output>
          </reporter-output>
        </test-method> <!-- EditAccount -->
      </class> <!-- tests.TestEditAccount -->
      <class name="tests.TestLoginPage">
        <test-method is-config="true" signature="setup()[pri:0, instance:tests.TestLoginPage@55a147cc]" started-at="2024-11-13T16:51:45 IST" name="setup" finished-at="2024-11-13T16:52:08 IST" duration-ms="22964" status="PASS">
          <reporter-output>
          </reporter-output>
        </test-method> <!-- setup -->
        <test-method signature="TestLogin()[pri:0, instance:tests.TestLoginPage@55a147cc]" started-at="2024-11-13T16:52:08 IST" name="TestLogin" description="verify login functionality" finished-at="2024-11-13T16:52:22 IST" duration-ms="13789" status="PASS">
          <reporter-output>
          </reporter-output>
        </test-method> <!-- TestLogin -->
        <test-method is-config="true" signature="close()[pri:0, instance:tests.TestLoginPage@55a147cc]" started-at="2024-11-13T16:52:22 IST" name="close" finished-at="2024-11-13T16:52:22 IST" duration-ms="0" status="PASS">
          <reporter-output>
          </reporter-output>
        </test-method> <!-- close -->
      </class> <!-- tests.TestLoginPage -->
    </test> <!-- Test -->
  </suite> <!-- Suite -->
</testng-results>
